<?xml version="1.0" encoding="UTF-8"?>
<!-- Generated by org.testng.reporters.JUnitXMLReporter -->
<testsuite ignored="0" hostname="sidcluc349" failures="0" tests="4" name="Test2" time="0.063" errors="0" timestamp="2020-12-14T16:33:43 IST">
  <testcase classname="testsuite1.BeforeClass2" name="testMethod3" time="0.006"/>
  <testcase classname="testsuite1.BeforeClass2" name="testMethod4" time="0.004"/>
  <testcase classname="testsuite1.BeforeClassExample" name="testMethod1" time="0.005"/>
  <testcase classname="testsuite1.BeforeClassExample" name="testMethod2" time="0.003"/>
</testsuite> <!-- Test2 -->
