<?xml version="1.0" encoding="UTF-8"?>
<!-- Generated by org.testng.reporters.JUnitXMLReporter -->
<testsuite ignored="0" hostname="sidcluc349" failures="3" tests="6" name="Test1" time="0.117" errors="0" timestamp="2020-12-16T18:37:06 IST">
  <testcase classname="dataprovider.DataProviderWithMethodParameter" name="calculateab" time="0.012">
    <failure type="java.lang.AssertionError" message="expected [true] but found [false]">
      <![CDATA[java.lang.AssertionError: expected [true] but found [false]
at dataprovider.DataProviderWithMethodParameter.calculateab(DataProviderWithMethodParameter.java:18)
at java.base/java.util.ArrayList.forEach(ArrayList.java:1541)
... Removed 31 stack frames]]>
    </failure>
  </testcase> <!-- calculateab -->
  <testcase classname="dataprovider.DataProviderWithMethodParameter" name="calculateab" time="0.002">
    <failure type="java.lang.AssertionError" message="expected [true] but found [false]">
      <![CDATA[java.lang.AssertionError: expected [true] but found [false]
at dataprovider.DataProviderWithMethodParameter.calculateab(DataProviderWithMethodParameter.java:18)
at java.base/java.util.ArrayList.forEach(ArrayList.java:1541)
... Removed 31 stack frames]]>
    </failure>
  </testcase> <!-- calculateab -->
  <testcase classname="dataprovider.DataProviderWithMethodParameter" name="calculateab" time="0.002">
    <failure type="java.lang.AssertionError" message="expected [true] but found [false]">
      <![CDATA[java.lang.AssertionError: expected [true] but found [false]
at dataprovider.DataProviderWithMethodParameter.calculateab(DataProviderWithMethodParameter.java:18)
at java.base/java.util.ArrayList.forEach(ArrayList.java:1541)
... Removed 31 stack frames]]>
    </failure>
  </testcase> <!-- calculateab -->
  <testcase classname="dataprovider.DataProviderWithMethodParameter" name="calculateabc" time="0.002"/>
  <testcase classname="dataprovider.DataProviderWithMethodParameter" name="calculateabc" time="0.002"/>
  <testcase classname="dataprovider.DataProviderWithMethodParameter" name="calculateabc" time="0.001"/>
</testsuite> <!-- Test1 -->
