<?xml version="1.0" encoding="UTF-8"?>
<!-- Generated by org.testng.reporters.JUnitXMLReporter -->
<testsuite ignored="0" hostname="sidcluc349" failures="0" tests="4" name="Test" time="0.078" errors="0" timestamp="2020-12-14T14:12:03 IST">
  <testcase classname="testsuite1.BeforeClass2" name="testMethod3" time="0.009"/>
  <testcase classname="testsuite1.BeforeClass2" name="testMethod4" time="0.006"/>
  <testcase classname="testsuite1.BeforeClassExample" name="testMethod1" time="0.002"/>
  <testcase classname="testsuite1.BeforeClassExample" name="testMethod2" time="0.004"/>
</testsuite> <!-- Test -->
