<?xml version="1.0" encoding="UTF-8"?>
<!-- Generated by org.testng.reporters.JUnitXMLReporter -->
<testsuite ignored="0" hostname="sidcluc349" failures="0" tests="4" name="Testing listener and learning" time="0.099" errors="0" timestamp="2020-12-17T19:54:45 IST">
  <testcase classname="dataprovider.ParallelMethodTestExample" name="test1" time="0.017"/>
  <testcase classname="dataprovider.ParallelMethodTestExample" name="test2" time="0.019"/>
  <testcase classname="dataprovider.ParallelMethodTestExample" name="test4" time="0.003"/>
  <testcase classname="dataprovider.ParallelMethodTestExample" name="test3" time="0.005"/>
</testsuite> <!-- Testing listener and learning -->
