<?xml version="1.0" encoding="UTF-8"?>
<testng-results ignored="0" total="2" passed="2" failed="0" skipped="0">
  <reporter-output>
  </reporter-output>
  <suite started-at="2020-10-22T15:53:49 IST" name="Suite" finished-at="2020-10-22T15:55:23 IST" duration-ms="94048">
    <groups>
      <group name="cucumber">
        <method signature="Runner.runScenario(io.cucumber.testng.PickleWrapper, io.cucumber.testng.FeatureWrapper)[pri:0, instance:runner.Runner@2dde1bff]" name="runScenario" class="runner.Runner"/>
      </group> <!-- cucumber -->
    </groups>
    <test started-at="2020-10-22T15:53:49 IST" name="Test" finished-at="2020-10-22T15:55:23 IST" duration-ms="94048">
      <class name="runner.Runner">
        <test-method is-config="true" signature="setUpClass()[pri:0, instance:runner.Runner@2dde1bff]" started-at="2020-10-22T15:53:49 IST" name="setUpClass" finished-at="2020-10-22T15:53:50 IST" duration-ms="970" status="PASS">
          <reporter-output>
          </reporter-output>
        </test-method> <!-- setUpClass -->
        <test-method signature="runScenario(io.cucumber.testng.PickleWrapper, io.cucumber.testng.FeatureWrapper)[pri:0, instance:runner.Runner@2dde1bff]" started-at="2020-10-22T15:53:50 IST" name="runScenario" description="Runs Cucumber scenarios" data-provider="scenarios" finished-at="2020-10-22T15:54:45 IST" duration-ms="54656" status="PASS">
          <params>
            <param index="0">
              <value>
                <![CDATA["Fittr app login with already registered Gmail Account Test case"]]>
              </value>
            </param>
            <param index="1">
              <value>
                <![CDATA["Optional[Fittr app login feature]"]]>
              </value>
            </param>
          </params>
          <reporter-output>
          </reporter-output>
        </test-method> <!-- runScenario -->
        <test-method signature="runScenario(io.cucumber.testng.PickleWrapper, io.cucumber.testng.FeatureWrapper)[pri:0, instance:runner.Runner@2dde1bff]" started-at="2020-10-22T15:54:45 IST" name="runScenario" description="Runs Cucumber scenarios" data-provider="scenarios" finished-at="2020-10-22T15:55:21 IST" duration-ms="36280" status="PASS">
          <params>
            <param index="0">
              <value>
                <![CDATA["Fittr logout feature"]]>
              </value>
            </param>
            <param index="1">
              <value>
                <![CDATA["Optional[Fittr app logout feature]"]]>
              </value>
            </param>
          </params>
          <reporter-output>
          </reporter-output>
        </test-method> <!-- runScenario -->
        <test-method is-config="true" signature="tearDownClass()[pri:0, instance:runner.Runner@2dde1bff]" started-at="2020-10-22T15:55:21 IST" name="tearDownClass" finished-at="2020-10-22T15:55:23 IST" duration-ms="2091" status="PASS">
          <reporter-output>
          </reporter-output>
        </test-method> <!-- tearDownClass -->
      </class> <!-- runner.Runner -->
    </test> <!-- Test -->
  </suite> <!-- Suite -->
</testng-results>
