<?xml version="1.0" encoding="UTF-8"?>
<testng-results ignored="0" total="1" passed="1" failed="0" skipped="0">
  <reporter-output>
  </reporter-output>
  <suite started-at="2020-11-18T14:37:24 IST" name="Default suite" finished-at="2020-11-18T14:37:25 IST" duration-ms="993">
    <groups>
    </groups>
    <test started-at="2020-11-18T14:37:24 IST" name="Default test" finished-at="2020-11-18T14:37:25 IST" duration-ms="993">
      <class name="com.qa.test.GETTestApi">
        <test-method is-config="true" signature="setUp()[pri:0, instance:com.qa.test.GETTestApi@2474f125]" started-at="2020-11-18T14:37:24 IST" name="setUp" finished-at="2020-11-18T14:37:24 IST" duration-ms="9" status="PASS">
          <reporter-output>
          </reporter-output>
        </test-method> <!-- setUp -->
        <test-method signature="test()[pri:0, instance:com.qa.test.GETTestApi@2474f125]" started-at="2020-11-18T14:37:24 IST" name="test" finished-at="2020-11-18T14:37:25 IST" duration-ms="913" status="PASS">
          <reporter-output>
          </reporter-output>
        </test-method> <!-- test -->
      </class> <!-- com.qa.test.GETTestApi -->
    </test> <!-- Default test -->
  </suite> <!-- Default suite -->
</testng-results>
