<?xml version="1.0" encoding="UTF-8"?>
<testng-results ignored="0" total="1" passed="1" failed="0" skipped="0">
  <reporter-output>
  </reporter-output>
  <suite started-at="2020-09-03T15:31:37 IST" name="Default suite" finished-at="2020-09-03T15:32:02 IST" duration-ms="25413">
    <groups>
    </groups>
    <test started-at="2020-09-03T15:31:37 IST" name="Default test" finished-at="2020-09-03T15:32:02 IST" duration-ms="25413">
      <class name="rough.Testing">
        <test-method is-config="true" signature="setUp()[pri:0, instance:rough.Testing@3315d2d7]" started-at="2020-09-03T15:31:37 IST" name="setUp" finished-at="2020-09-03T15:32:02 IST" duration-ms="25349" status="PASS">
          <reporter-output>
          </reporter-output>
        </test-method> <!-- setUp -->
        <test-method signature="testRough()[pri:0, instance:rough.Testing@3315d2d7]" started-at="2020-09-03T15:32:02 IST" name="testRough" finished-at="2020-09-03T15:32:02 IST" duration-ms="8" status="PASS">
          <reporter-output>
          </reporter-output>
        </test-method> <!-- testRough -->
        <test-method is-config="true" signature="tearDown()[pri:0, instance:rough.Testing@3315d2d7]" started-at="2020-09-03T15:32:02 IST" name="tearDown" finished-at="2020-09-03T15:32:02 IST" duration-ms="14" status="PASS">
          <reporter-output>
          </reporter-output>
        </test-method> <!-- tearDown -->
      </class> <!-- rough.Testing -->
    </test> <!-- Default test -->
  </suite> <!-- Default suite -->
</testng-results>
