<?xml version="1.0" encoding="UTF-8"?>
<testng-results ignored="0" total="2" passed="2" failed="0" skipped="0">
  <reporter-output>
  </reporter-output>
  <suite started-at="2020-10-20T19:41:40 IST" name="Default suite" finished-at="2020-10-20T19:42:25 IST" duration-ms="44498">
    <groups>
      <group name="cucumber">
        <method signature="Runner.runScenario(io.cucumber.testng.PickleWrapper, io.cucumber.testng.FeatureWrapper)[pri:0, instance:runner.Runner@4f3bbf68]" name="runScenario" class="runner.Runner"/>
      </group> <!-- cucumber -->
    </groups>
    <test started-at="2020-10-20T19:41:40 IST" name="Default test" finished-at="2020-10-20T19:42:25 IST" duration-ms="44498">
      <class name="runner.Runner">
        <test-method is-config="true" signature="setUpClass()[pri:0, instance:runner.Runner@4f3bbf68]" started-at="2020-10-20T19:41:40 IST" name="setUpClass" finished-at="2020-10-20T19:41:41 IST" duration-ms="599" status="PASS">
          <reporter-output>
          </reporter-output>
        </test-method> <!-- setUpClass -->
        <test-method signature="runScenario(io.cucumber.testng.PickleWrapper, io.cucumber.testng.FeatureWrapper)[pri:0, instance:runner.Runner@4f3bbf68]" started-at="2020-10-20T19:41:41 IST" name="runScenario" description="Runs Cucumber scenarios" data-provider="scenarios" finished-at="2020-10-20T19:42:13 IST" duration-ms="31771" status="PASS">
          <params>
            <param index="0">
              <value>
                <![CDATA["Fittr app login with already registered Gmail Account Test case"]]>
              </value>
            </param>
            <param index="1">
              <value>
                <![CDATA["Optional[Fittr app login feature]"]]>
              </value>
            </param>
          </params>
          <reporter-output>
          </reporter-output>
        </test-method> <!-- runScenario -->
        <test-method signature="runScenario(io.cucumber.testng.PickleWrapper, io.cucumber.testng.FeatureWrapper)[pri:0, instance:runner.Runner@4f3bbf68]" started-at="2020-10-20T19:42:13 IST" name="runScenario" description="Runs Cucumber scenarios" data-provider="scenarios" finished-at="2020-10-20T19:42:25 IST" duration-ms="12004" status="PASS">
          <params>
            <param index="0">
              <value>
                <![CDATA["Fittr logout feature"]]>
              </value>
            </param>
            <param index="1">
              <value>
                <![CDATA["Optional[Fittr app login feature]"]]>
              </value>
            </param>
          </params>
          <reporter-output>
          </reporter-output>
        </test-method> <!-- runScenario -->
        <test-method is-config="true" signature="tearDownClass()[pri:0, instance:runner.Runner@4f3bbf68]" started-at="2020-10-20T19:42:25 IST" name="tearDownClass" finished-at="2020-10-20T19:42:25 IST" duration-ms="70" status="PASS">
          <reporter-output>
          </reporter-output>
        </test-method> <!-- tearDownClass -->
      </class> <!-- runner.Runner -->
    </test> <!-- Default test -->
  </suite> <!-- Default suite -->
</testng-results>
