<?xml version="1.0" encoding="UTF-8"?>
<testng-results ignored="0" total="4" passed="4" failed="0" skipped="0">
  <reporter-output>
  </reporter-output>
  <suite started-at="2020-12-17T19:54:45 IST" name="Suite" finished-at="2020-12-17T19:54:45 IST" duration-ms="99">
    <groups>
    </groups>
    <test started-at="2020-12-17T19:54:45 IST" name="Testing listener and learning" finished-at="2020-12-17T19:54:45 IST" duration-ms="99">
      <class name="dataprovider.ParallelMethodTestExample">
        <test-method signature="test1()[pri:0, instance:dataprovider.ParallelMethodTestExample@2a266d09]" started-at="2020-12-17T19:54:45 IST" name="test1" finished-at="2020-12-17T19:54:45 IST" duration-ms="17" status="PASS">
          <reporter-output>
          </reporter-output>
        </test-method> <!-- test1 -->
        <test-method signature="test2()[pri:0, instance:dataprovider.ParallelMethodTestExample@2a266d09]" started-at="2020-12-17T19:54:45 IST" name="test2" finished-at="2020-12-17T19:54:45 IST" duration-ms="19" status="PASS">
          <reporter-output>
          </reporter-output>
        </test-method> <!-- test2 -->
        <test-method signature="test3()[pri:0, instance:dataprovider.ParallelMethodTestExample@2a266d09]" started-at="2020-12-17T19:54:45 IST" name="test3" finished-at="2020-12-17T19:54:45 IST" duration-ms="5" status="PASS">
          <reporter-output>
          </reporter-output>
        </test-method> <!-- test3 -->
        <test-method signature="test4()[pri:0, instance:dataprovider.ParallelMethodTestExample@2a266d09]" started-at="2020-12-17T19:54:45 IST" name="test4" finished-at="2020-12-17T19:54:45 IST" duration-ms="3" status="PASS">
          <reporter-output>
          </reporter-output>
        </test-method> <!-- test4 -->
      </class> <!-- dataprovider.ParallelMethodTestExample -->
    </test> <!-- Testing listener and learning -->
  </suite> <!-- Suite -->
</testng-results>
